<?xml version="1.0" encoding="UTF-8"?>
<testng-results ignored="0" total="21" passed="20" failed="1" skipped="0">
  <reporter-output>
  </reporter-output>
  <suite started-at="2025-02-17T17:51:30 IST" name="Default suite" finished-at="2025-02-17T18:01:57 IST" duration-ms="627877">
    <groups>
    </groups>
    <test started-at="2025-02-17T17:51:30 IST" name="Default test" finished-at="2025-02-17T18:01:57 IST" duration-ms="627877">
      <class name="Testcases.Ultima_prime">
        <test-method is-config="true" signature="App_launch()[pri:0, instance:Testcases.Ultima_prime@3a93b025]" started-at="2025-02-17T17:51:30 IST" name="App_launch" finished-at="2025-02-17T17:51:42 IST" duration-ms="12086" status="PASS">
          <reporter-output>
          </reporter-output>
        </test-method> <!-- App_launch -->
        <test-method signature="Watch_Connection()[pri:1, instance:Testcases.Ultima_prime@3a93b025]" started-at="2025-02-17T17:51:42 IST" name="Watch_Connection" finished-at="2025-02-17T17:53:14 IST" duration-ms="91844" status="PASS">
          <reporter-output>
          </reporter-output>
        </test-method> <!-- Watch_Connection -->
        <test-method signature="Home_dasboard_components_Check()[pri:2, instance:Testcases.Ultima_prime@3a93b025]" started-at="2025-02-17T17:53:14 IST" name="Home_dasboard_components_Check" finished-at="2025-02-17T17:53:20 IST" duration-ms="6053" status="PASS">
          <reporter-output>
          </reporter-output>
        </test-method> <!-- Home_dasboard_components_Check -->
        <test-method signature="Watch_features_Check()[pri:3, instance:Testcases.Ultima_prime@3a93b025]" started-at="2025-02-17T17:53:20 IST" name="Watch_features_Check" finished-at="2025-02-17T17:53:53 IST" duration-ms="33475" status="PASS">
          <reporter-output>
          </reporter-output>
        </test-method> <!-- Watch_features_Check -->
        <test-method signature="Watch_faces()[pri:4, instance:Testcases.Ultima_prime@3a93b025]" started-at="2025-02-17T17:53:53 IST" name="Watch_faces" finished-at="2025-02-17T17:53:58 IST" duration-ms="5154" status="PASS">
          <reporter-output>
          </reporter-output>
        </test-method> <!-- Watch_faces -->
        <test-method signature="HR()[pri:5, instance:Testcases.Ultima_prime@3a93b025]" started-at="2025-02-17T17:53:58 IST" name="HR" finished-at="2025-02-17T17:54:06 IST" duration-ms="7993" status="PASS">
          <reporter-output>
          </reporter-output>
        </test-method> <!-- HR -->
        <test-method signature="Sedentary()[pri:6, instance:Testcases.Ultima_prime@3a93b025]" started-at="2025-02-17T17:54:06 IST" name="Sedentary" finished-at="2025-02-17T17:54:15 IST" duration-ms="8676" status="PASS">
          <reporter-output>
          </reporter-output>
        </test-method> <!-- Sedentary -->
        <test-method signature="alarm()[pri:7, instance:Testcases.Ultima_prime@3a93b025]" started-at="2025-02-17T17:54:15 IST" name="alarm" finished-at="2025-02-17T17:54:40 IST" duration-ms="25090" status="PASS">
          <reporter-output>
          </reporter-output>
        </test-method> <!-- alarm -->
        <test-method signature="nudges()[pri:8, instance:Testcases.Ultima_prime@3a93b025]" started-at="2025-02-17T17:54:40 IST" name="nudges" finished-at="2025-02-17T17:54:54 IST" duration-ms="14004" status="PASS">
          <reporter-output>
          </reporter-output>
        </test-method> <!-- nudges -->
        <test-method signature="World_clock()[pri:9, instance:Testcases.Ultima_prime@3a93b025]" started-at="2025-02-17T17:54:54 IST" name="World_clock" finished-at="2025-02-17T17:55:20 IST" duration-ms="26100" status="PASS">
          <reporter-output>
          </reporter-output>
        </test-method> <!-- World_clock -->
        <test-method signature="BT_Calling()[pri:10, instance:Testcases.Ultima_prime@3a93b025]" started-at="2025-02-17T17:55:20 IST" name="BT_Calling" finished-at="2025-02-17T17:55:53 IST" duration-ms="32702" status="PASS">
          <reporter-output>
          </reporter-output>
        </test-method> <!-- BT_Calling -->
        <test-method signature="Weather()[pri:11, instance:Testcases.Ultima_prime@3a93b025]" started-at="2025-02-17T17:55:53 IST" name="Weather" finished-at="2025-02-17T17:56:12 IST" duration-ms="19019" status="PASS">
          <reporter-output>
          </reporter-output>
        </test-method> <!-- Weather -->
        <test-method signature="Notifications()[pri:12, instance:Testcases.Ultima_prime@3a93b025]" started-at="2025-02-17T17:56:12 IST" name="Notifications" finished-at="2025-02-17T17:56:26 IST" duration-ms="13636" status="PASS">
          <reporter-output>
          </reporter-output>
        </test-method> <!-- Notifications -->
        <test-method signature="watch_control()[pri:13, instance:Testcases.Ultima_prime@3a93b025]" started-at="2025-02-17T17:56:26 IST" name="watch_control" finished-at="2025-02-17T17:56:51 IST" duration-ms="25421" status="PASS">
          <reporter-output>
          </reporter-output>
        </test-method> <!-- watch_control -->
        <test-method signature="system_settings()[pri:14, instance:Testcases.Ultima_prime@3a93b025]" started-at="2025-02-17T17:56:51 IST" name="system_settings" finished-at="2025-02-17T17:57:10 IST" duration-ms="18591" status="PASS">
          <reporter-output>
          </reporter-output>
        </test-method> <!-- system_settings -->
        <test-method signature="fitness_vitals()[pri:15, instance:Testcases.Ultima_prime@3a93b025]" started-at="2025-02-17T17:57:10 IST" name="fitness_vitals" finished-at="2025-02-17T17:59:05 IST" duration-ms="115647" status="PASS">
          <reporter-output>
          </reporter-output>
        </test-method> <!-- fitness_vitals -->
        <test-method signature="My_watch()[pri:16, instance:Testcases.Ultima_prime@3a93b025]" started-at="2025-02-17T17:59:05 IST" name="My_watch" finished-at="2025-02-17T18:00:00 IST" duration-ms="55122" status="PASS">
          <reporter-output>
          </reporter-output>
        </test-method> <!-- My_watch -->
        <test-method signature="Fit_crew()[pri:17, instance:Testcases.Ultima_prime@3a93b025]" started-at="2025-02-17T18:00:00 IST" name="Fit_crew" finished-at="2025-02-17T18:00:11 IST" duration-ms="10486" status="PASS">
          <reporter-output>
          </reporter-output>
        </test-method> <!-- Fit_crew -->
        <test-method signature="profile()[pri:18, instance:Testcases.Ultima_prime@3a93b025]" started-at="2025-02-17T18:00:11 IST" name="profile" finished-at="2025-02-17T18:00:58 IST" duration-ms="47213" status="PASS">
          <reporter-output>
          </reporter-output>
        </test-method> <!-- profile -->
        <test-method signature="boAtcoins()[pri:19, instance:Testcases.Ultima_prime@3a93b025]" started-at="2025-02-17T18:00:58 IST" name="boAtcoins" finished-at="2025-02-17T18:01:09 IST" duration-ms="10570" status="PASS">
          <reporter-output>
          </reporter-output>
        </test-method> <!-- boAtcoins -->
        <test-method signature="watch_disconnection()[pri:20, instance:Testcases.Ultima_prime@3a93b025]" started-at="2025-02-17T18:01:09 IST" name="watch_disconnection" finished-at="2025-02-17T18:01:36 IST" duration-ms="27700" status="PASS">
          <reporter-output>
          </reporter-output>
        </test-method> <!-- watch_disconnection -->
        <test-method signature="watch_list_screen_display_check_after_disconnection()[pri:21, instance:Testcases.Ultima_prime@3a93b025]" started-at="2025-02-17T18:01:36 IST" name="watch_list_screen_display_check_after_disconnection" finished-at="2025-02-17T18:01:56 IST" duration-ms="20064" status="FAIL">
          <exception class="org.openqa.selenium.NoSuchElementException">
            <message>
              <![CDATA[An element could not be located on the page using the given search parameters.
For documentation on this error, please visit: https://www.selenium.dev/documentation/webdriver/troubleshooting/errors#no-such-element-exception
Build info: version: '4.28.1', revision: '73f5ad48a2'
System info: os.name: 'Mac OS X', os.arch: 'x86_64', os.version: '15.3', java.version: '21.0.5'
Driver info: io.appium.java_client.ios.IOSDriver
Command: [fcc0c735-d492-449f-b60c-3583d3a54fc3, findElement {using=-ios class chain, value=**/XCUIElementTypeTextField[`value == "Search here"`]}]
Capabilities {appium:autoAcceptAlerts: true, appium:automationName: XCUITest, appium:bundleId: com.coveiot.ios.boat.prod, appium:databaseEnabled: false, appium:javascriptEnabled: true, appium:locationContextEnabled: false, appium:networkConnectionEnabled: false, appium:platformVersion: 18.3, appium:takesScreenshot: true, appium:udid: 00008020-000E60EC2603002E, appium:wdaLaunchTimeout: 200000, appium:webStorageEnabled: false, platformName: IOS}
Session ID: fcc0c735-d492-449f-b60c-3583d3a54fc3]]>
            </message>
            <full-stacktrace>
              <![CDATA[org.openqa.selenium.NoSuchElementException: An element could not be located on the page using the given search parameters.
For documentation on this error, please visit: https://www.selenium.dev/documentation/webdriver/troubleshooting/errors#no-such-element-exception
Build info: version: '4.28.1', revision: '73f5ad48a2'
System info: os.name: 'Mac OS X', os.arch: 'x86_64', os.version: '15.3', java.version: '21.0.5'
Driver info: io.appium.java_client.ios.IOSDriver
Command: [fcc0c735-d492-449f-b60c-3583d3a54fc3, findElement {using=-ios class chain, value=**/XCUIElementTypeTextField[`value == "Search here"`]}]
Capabilities {appium:autoAcceptAlerts: true, appium:automationName: XCUITest, appium:bundleId: com.coveiot.ios.boat.prod, appium:databaseEnabled: false, appium:javascriptEnabled: true, appium:locationContextEnabled: false, appium:networkConnectionEnabled: false, appium:platformVersion: 18.3, appium:takesScreenshot: true, appium:udid: 00008020-000E60EC2603002E, appium:wdaLaunchTimeout: 200000, appium:webStorageEnabled: false, platformName: IOS}
Session ID: fcc0c735-d492-449f-b60c-3583d3a54fc3
at java.base/jdk.internal.reflect.DirectConstructorHandleAccessor.newInstance(DirectConstructorHandleAccessor.java:62)
at java.base/java.lang.reflect.Constructor.newInstanceWithCaller(Constructor.java:502)
at java.base/java.lang.reflect.Constructor.newInstance(Constructor.java:486)
at org.openqa.selenium.remote.ErrorCodec.decode(ErrorCodec.java:167)
at org.openqa.selenium.remote.codec.w3c.W3CHttpResponseCodec.decode(W3CHttpResponseCodec.java:138)
at org.openqa.selenium.remote.codec.w3c.W3CHttpResponseCodec.decode(W3CHttpResponseCodec.java:50)
at org.openqa.selenium.remote.HttpCommandExecutor.execute(HttpCommandExecutor.java:215)
at io.appium.java_client.remote.AppiumCommandExecutor.execute(AppiumCommandExecutor.java:237)
at org.openqa.selenium.remote.RemoteWebDriver.execute(RemoteWebDriver.java:545)
at org.openqa.selenium.remote.ElementLocation$ElementFinder$2.findElement(ElementLocation.java:165)
at org.openqa.selenium.remote.ElementLocation.findElement(ElementLocation.java:59)
at org.openqa.selenium.remote.RemoteWebDriver.findElement(RemoteWebDriver.java:368)
at org.openqa.selenium.remote.RemoteWebDriver.findElement(RemoteWebDriver.java:362)
at Testcases.Ultima_prime.watch_list_screen_display_check_after_disconnection(Ultima_prime.java:151)
at java.base/jdk.internal.reflect.DirectMethodHandleAccessor.invoke(DirectMethodHandleAccessor.java:103)
at java.base/java.lang.reflect.Method.invoke(Method.java:580)
at org.testng.internal.invokers.MethodInvocationHelper.invokeMethod(MethodInvocationHelper.java:141)
at org.testng.internal.invokers.TestInvoker.invokeMethod(TestInvoker.java:686)
at org.testng.internal.invokers.TestInvoker.invokeTestMethod(TestInvoker.java:230)
at org.testng.internal.invokers.MethodRunner.runInSequence(MethodRunner.java:63)
at org.testng.internal.invokers.TestInvoker$MethodInvocationAgent.invoke(TestInvoker.java:992)
at org.testng.internal.invokers.TestInvoker.invokeTestMethods(TestInvoker.java:203)
at org.testng.internal.invokers.TestMethodWorker.invokeTestMethods(TestMethodWorker.java:154)
at org.testng.internal.invokers.TestMethodWorker.run(TestMethodWorker.java:134)
at java.base/java.util.ArrayList.forEach(ArrayList.java:1596)
at org.testng.TestRunner.privateRun(TestRunner.java:739)
at org.testng.TestRunner.run(TestRunner.java:614)
at org.testng.SuiteRunner.runTest(SuiteRunner.java:421)
at org.testng.SuiteRunner.runSequentially(SuiteRunner.java:413)
at org.testng.SuiteRunner.privateRun(SuiteRunner.java:373)
at org.testng.SuiteRunner.run(SuiteRunner.java:312)
at org.testng.SuiteRunnerWorker.runSuite(SuiteRunnerWorker.java:52)
at org.testng.SuiteRunnerWorker.run(SuiteRunnerWorker.java:95)
at org.testng.TestNG.runSuitesSequentially(TestNG.java:1274)
at org.testng.TestNG.runSuitesLocally(TestNG.java:1208)
at org.testng.TestNG.runSuites(TestNG.java:1112)
at org.testng.TestNG.run(TestNG.java:1079)
at org.testng.remote.AbstractRemoteTestNG.run(AbstractRemoteTestNG.java:115)
at org.testng.remote.RemoteTestNG.initAndRun(RemoteTestNG.java:293)
at org.testng.remote.RemoteTestNG.main(RemoteTestNG.java:91)
]]>
            </full-stacktrace>
          </exception> <!-- org.openqa.selenium.NoSuchElementException -->
          <reporter-output>
          </reporter-output>
        </test-method> <!-- watch_list_screen_display_check_after_disconnection -->
        <test-method is-config="true" signature="close_app()[pri:0, instance:Testcases.Ultima_prime@3a93b025]" started-at="2025-02-17T18:01:56 IST" name="close_app" finished-at="2025-02-17T18:01:57 IST" duration-ms="1090" status="PASS">
          <reporter-output>
          </reporter-output>
        </test-method> <!-- close_app -->
      </class> <!-- Testcases.Ultima_prime -->
    </test> <!-- Default test -->
  </suite> <!-- Default suite -->
</testng-results>
